build/app/outputs/mapping/release/seeds.txt
app.jhatpat.MainActivity: MainActivity()
app.jhatpat.MainActivity
...
androidx.viewpager.widget.PagerTabStrip: void setBackgroundResource(int)
okhttp3.Dispatcher: void executed$okhttp(okhttp3.internal.connection.RealCall)
androidx.window.embedding.EmbeddingCompat: EmbeddingCompat(androidx.window.extensions.embedding.ActivityEmbeddingComponent,androidx.window.embedding.EmbeddingAdapter)
androidx.appcompat.widget.AppCompatTextView: int getAutoSizeStepGranularity()
androidx.constraintlayout.widget.R$styleable: int ConstraintLayout_Layout_flow_lastVerticalStyle
paytm.assist.easypay.easypay.appinvoke.R$styleable: int Constraint_layout_goneMarginLeft
androidx.appcompat.R$id: int action_bar_container
paytm.assist.easypay.easypay.appinvoke.R$styleable: int Constraint_layout_constraintHeight_percent
paytm.assist.easypay.easypay.appinvoke.R$styleable: int ConstraintLayout_Layout_layout_constraintWidth_percent
paytm.assist.easypay.easypay.appinvoke.R$styleable: int AppCompatTextView_drawableLeftCompat
androidx.constraintlayout.widget.R$styleable: int[] ListPopupWindow
androidx.constraintlayout.widget.R$styleable: int ConstraintSet_barrierMargin
androidx.window.layout.WindowMetricsCalculator$Companion: WindowMetricsCalculator$Companion()
androidx.appcompat.widget.AppCompatButton: void setTextAppearance(android.content.Context,int)
androidx.appcompat.R$styleable: int ViewBackgroundHelper_backgroundTintMode
com.google.android.gms.internal.measurement.zzfo: int zzf
okhttp3.ConnectionPool: okhttp3.internal.connection.RealConnectionPool delegate
kotlinx.coroutines.JobImpl
androidx.appcompat.R$id: int edit_query
androidx.core.R$id: int accessibility_custom_action_31
androidx.window.layout.EmptyDecorator: androidx.window.layout.EmptyDecorator INSTANCE
androidx.constraintlayout.widget.R$styleable: int include_constraintSet
androidx.constraintlayout.widget.R$id: int action_menu_divider
paytm.assist.easypay.easypay.appinvoke.R$styleable: int MenuItem_android_onClick
androidx.appcompat.R$id: int content
androidx.appcompat.widget.AppCompatCheckedTextView: void setCustomSelectionActionModeCallback(android.view.ActionMode$Callback)
okhttp3.OkHttpClient$Builder: okhttp3.Authenticator proxyAuthenticator
okhttp3.CacheControl$Companion: int indexOfElement(java.lang.String,java.lang.String,int)
androidx.appcompat.R$attr: int listItemLayout
io.flutter.embedding.engine.FlutterOverlaySurface: int getId()
com.paytm.pgsdk.PaytmPGActivity
androidx.appcompat.R$style: int Base_TextAppearance_AppCompat_Caption
com.google.android.gms.measurement.internal.AppMeasurementDynamiteService: void endAdUnitExposure(java.lang.String,long)
okhttp3.Headers: java.util.Set names()
androidx.appcompat.R$styleable: int SearchView_queryBackground
androidx.constraintlayout.utils.widget.MotionLabel: void setScaleFromTextSize(float)
okhttp3.EventListener: void secureConnectStart(okhttp3.Call)
androidx.appcompat.R$style: int Base_TextAppearance_AppCompat_Inverse
okhttp3.Dispatcher: java.util.concurrent.ExecutorService executorService()
androidx.constraintlayout.widget.R$styleable: int AppCompatTextView_fontVariationSettings
androidx.appcompat.R$dimen: int abc_action_bar_stacked_tab_max_width
com.airbnb.lottie.R$styleable: int SearchView_android_imeOptions
androidx.constraintlayout.widget.R$styleable: int ConstraintOverride_layout_constraintCircleRadius
paytm.assist.easypay.easypay.appinvoke.R$styleable: int GradientColorItem_android_offset
androidx.core.R$id: int accessibility_custom_action_25
com.airbnb.lottie.R$styleable: int MenuItem_android_orderInCategory
paytm.assist.easypay.easypay.appinvoke.R$styleable: int ConstraintOverride_layout_goneMarginBottom
paytm.assist.easypay.easypay.appinvoke.R$styleable: int ConstraintOverride_android_elevation
paytm.assist.easypay.easypay.appinvoke.R$drawable: int ic_show_passcode
androidx.fragment.R$styleable: int GradientColor_android_endX
androidx.window.embedding.ExtensionEmbeddingBackend$EmbeddingCallbackImpl: java.util.List getLastInfo()