build/app/outputs/mapping/release/mapping.txt
# compiler: R8
# compiler_version: 2.1.62
# min_api: 21
# pg_map_id: e978099
# common_typos_disable
...
com.google.android.gms.common.api.GoogleApi$Settings -> com.google.android.gms.common.api.e$a:
    android.os.Looper zab -> b
    com.google.android.gms.common.api.GoogleApi$Settings DEFAULT_SETTINGS -> c
    com.google.android.gms.common.api.internal.StatusExceptionMapper zaa -> a
com.google.android.gms.common.api.GoogleApi$Settings$Builder -> com.google.android.gms.common.api.e$a$a:
    android.os.Looper zab -> b
    com.google.android.gms.common.api.internal.StatusExceptionMapper zaa -> a
    com.google.android.gms.common.api.GoogleApi$Settings build() -> a
    com.google.android.gms.common.api.GoogleApi$Settings$Builder setMapper(com.google.android.gms.common.api.internal.StatusExceptionMapper) -> b
com.google.android.gms.common.api.GoogleApiActivity -> com.google.android.gms.common.api.GoogleApiActivity:
    int zaa -> n
    android.content.Intent zaa(android.content.Context,android.app.PendingIntent,int,boolean) -> a
    void zab() -> b
com.google.android.gms.common.api.GoogleApiClient -> com.google.android.gms.common.api.f:
    java.util.Set zaa -> a
    com.google.android.gms.common.api.internal.BaseImplementation$ApiMethodImpl enqueue(com.google.android.gms.common.api.internal.BaseImplementation$ApiMethodImpl) -> a
    com.google.android.gms.common.api.internal.BaseImplementation$ApiMethodImpl execute(com.google.android.gms.common.api.internal.BaseImplementation$ApiMethodImpl) -> b
    java.util.Set getAllClients() -> c
    android.os.Looper getLooper() -> d
    boolean maybeSignIn(com.google.android.gms.common.api.internal.SignInConnectionListener) -> e
    void maybeSignOut() -> f
com.google.android.gms.common.api.GoogleApiClient$ConnectionCallbacks -> com.google.android.gms.common.api.f$a:
com.google.android.gms.common.api.GoogleApiClient$OnConnectionFailedListener -> com.google.android.gms.common.api.f$b:
com.google.android.gms.common.api.PendingResult -> com.google.android.gms.common.api.g:
    void addStatusListener(com.google.android.gms.common.api.PendingResult$StatusListener) -> b
    com.google.android.gms.common.api.Result await(long,java.util.concurrent.TimeUnit) -> c
com.google.android.gms.common.api.PendingResult$StatusListener -> com.google.android.gms.common.api.g$a:
    void onComplete(com.google.android.gms.common.api.Status) -> a
com.google.android.gms.common.api.PendingResults -> com.google.android.gms.common.api.h:
    com.google.android.gms.common.api.PendingResult immediateFailedResult(com.google.android.gms.common.api.Result,com.google.android.gms.common.api.GoogleApiClient) -> a
    com.google.android.gms.common.api.PendingResult immediatePendingResult(com.google.android.gms.common.api.Status,com.google.android.gms.common.api.GoogleApiClient) -> b
com.google.android.gms.common.api.Releasable -> com.google.android.gms.common.api.i:
    void release() -> a
com.google.android.gms.common.api.ResolvableApiException -> com.google.android.gms.common.api.j:
    void startResolutionForResult(android.app.Activity,int) -> c
com.google.android.gms.common.api.Response -> com.google.android.gms.common.api.k:
    com.google.android.gms.common.api.Result zza -> a
    com.google.android.gms.common.api.Result getResult() -> a
    void setResult(com.google.android.gms.common.api.Result) -> b
com.google.android.gms.common.api.Result -> com.google.android.gms.common.api.l:
    com.google.android.gms.common.api.Status getStatus() -> h
com.google.android.gms.common.api.ResultCallback -> com.google.android.gms.common.api.m:
    void onResult(com.google.android.gms.common.api.Result) -> a
com.google.android.gms.common.api.Scope -> com.google.android.gms.common.api.Scope:
    int zza -> n
    java.lang.String zzb -> o
    java.lang.String getScopeUri() -> k