build/app/outputs/mapping/release/usage.txt
app.jhatpat.R$xml
app.jhatpat.R$dimen
app.jhatpat.BuildConfig
app.jhatpat.R$mipmap
app.jhatpat.R$integer
app.jhatpat.R$anim
app.jhatpat.R$animator
app.jhatpat.R
app.jhatpat.R$drawable
app.jhatpat.R$interpolator
app.jhatpat.R$id
app.jhatpat.R$layout
app.jhatpat.R$string
app.jhatpat.R$color
app.jhatpat.R$bool
app.jhatpat.R$style
app.jhatpat.R$styleable
app.jhatpat.R$attr
...
kotlinx.coroutines.CoroutineId:
    public static synthetic kotlinx.coroutines.CoroutineId copy$default(kotlinx.coroutines.CoroutineId,long,int,java.lang.Object)
    public final long component1()
    public final kotlinx.coroutines.CoroutineId copy(long)
kotlin.reflect.TypesJVMKt$typeToString$unwrap$1
androidx.core.widget.ListPopupWindowCompat$Api19Impl
androidx.drawerlayout.R$layout
com.google.android.gms.common.api.internal.zabd
io.flutter.plugins.sharedpreferences.R$styleable
com.google.android.gms.common.server.converter.zae
androidx.core.view.MenuProvider
kotlin.io.FileTreeWalk
androidx.appcompat.resources.R$styleable:
    private void <init>()
kotlinx.coroutines.flow.internal.SendingCollector
kotlinx.coroutines.sync.MutexImpl$lockSuspend$2$1$1
com.google.android.gms.maps.model.Cap:
    final com.google.android.gms.maps.model.Cap zza()
com.google.android.gms.maps.model.zzd
kotlin.collections.unsigned.UArraysKt___UArraysJvmKt$asList$2
com.google.android.gms.maps.internal.StreetViewLifecycleDelegate
com.google.android.gms.maps.internal.MapLifecycleDelegate
com.google.android.gms.common.internal.service.zab
kotlin.collections.SetsKt:
    private void <init>()
androidx.lifecycle.ClassesInfoCache:
    private static final int CALL_TYPE_NO_ARG
    private static final int CALL_TYPE_PROVIDER
    private static final int CALL_TYPE_PROVIDER_WITH_EVENT
androidx.constraintlayout.widget.ConstraintLayout:
    public void <init>(android.content.Context,android.util.AttributeSet,int,int)
    public void fillMetrics(androidx.constraintlayout.core.Metrics)
    public void loadLayoutDescription(int)
    private androidx.constraintlayout.core.Metrics mMetrics
    public static final java.lang.String VERSION
    private static final java.lang.String TAG
    private static final boolean USE_CONSTRAINTS_HELPER
    private static final boolean DEBUG
    private static final boolean DEBUG_DRAW_CONSTRAINTS
    private static final boolean MEASURE
    private static final boolean OPTIMIZE_HEIGHT_CHANGE
    public static final int DESIGN_INFO_ID
kotlin.reflect.KMutableProperty2$Setter
com.baseflow.geolocator.location.NotificationImportance
com.google.android.gms.auth.api.identity.SaveAccountLinkingTokenRequest$Builder
com.airbnb.lottie.parser.ContentModelParser:
    private void <init>()
kotlinx.coroutines.CancellableContinuationImplKt:
    public static synthetic void getRESUME_TOKEN$annotations()
    private static final int UNDECIDED
    private static final int SUSPENDED
    private static final int RESUMED
kotlin.jvm.internal.Ref$CharRef
kotlinx.coroutines.flow.FlowKt__LimitKt$emitAbort$1
androidx.constraintlayout.motion.utils.ViewTimeCycle:
    private static final java.lang.String TAG
androidx.print.PrintHelper
androidx.activity.R$id
androidx.core.util.SparseIntArrayKt$valueIterator$1
androidx.documentfile.provider.TreeDocumentFile
kotlin.collections.AbstractIterator$WhenMappings
kotlin.reflect.KProperty$Getter
org.intellij.lang.annotations.JdkConstants$CalendarMonth
androidx.core.view.ViewPropertyAnimatorCompat$Api18Impl
com.google.android.gms.internal.auth.zzco
com.google.android.gms.maps.internal.ICameraUpdateFactoryDelegate:
    public abstract com.google.android.gms.dynamic.IObjectWrapper newLatLngBoundsWithSize(com.google.android.gms.maps.model.LatLngBounds,int,int,int)
kotlin.collections.CollectionsKt___CollectionsKt$groupingBy$1
kotlin.jvm.internal.ArrayShortIterator
androidx.constraintlayout.core.widgets.analyzer.RunGroup:
    private boolean defineTerminalWidget(androidx.constraintlayout.core.widgets.analyzer.WidgetRun,int)
    public void defineTerminalWidgets(boolean,boolean)
    public static final int START
    public static final int END
    public static final int BASELINE
kotlin.collections.ArraysKt___ArraysKt$asSequence$$inlined$Sequence$8
androidx.media.MediaSessionManagerImplApi28
kotlin.jvm.Synchronized
com.google.android.gms.internal.measurement.zzdl